This is pdfTeX, Version 3.141592653-2.6-1.40.27 (TeX Live 2025) (preloaded format=pdflatex 2025.7.27)  17 JUL 2026 10:13
entering extended mode
 restricted \write18 enabled.
 file:line:error style messages enabled.
 %&-line parsing enabled.
**tumor-growth.tex
(./tumor-growth.tex
LaTeX2e <2024-11-01> patch level 2
L3 programming layer <2025-01-18>
(/usr/local/texlive/2025/texmf-dist/tex/latex/base/article.cls
Document Class: article 2024/06/29 v1.4n Standard LaTeX document class
(/usr/local/texlive/2025/texmf-dist/tex/latex/base/size11.clo
File: size11.clo 2024/06/29 v1.4n Standard LaTeX file (size option)
)
\c@part=\count196
\c@section=\count197
\c@subsection=\count198
\c@subsubsection=\count199
\c@paragraph=\count266
\c@subparagraph=\count267
\c@figure=\count268
\c@table=\count269
\abovecaptionskip=\skip49
\belowcaptionskip=\skip50
\bibindent=\dimen141
)
(/usr/local/texlive/2025/texmf-dist/tex/latex/geometry/geometry.sty
Package: geometry 2020/01/02 v5.9 Page Geometry

(/usr/local/texlive/2025/texmf-dist/tex/latex/graphics/keyval.sty
Package: keyval 2022/05/29 v1.15 key=value parser (DPC)
\KV@toks@=\toks17
)
(/usr/local/texlive/2025/texmf-dist/tex/generic/iftex/ifvtex.sty
Package: ifvtex 2019/10/25 v1.7 ifvtex legacy package. Use iftex instead.

(/usr/local/texlive/2025/texmf-dist/tex/generic/iftex/iftex.sty
Package: iftex 2024/12/12 v1.0g TeX engine tests
))
\Gm@cnth=\count270
\Gm@cntv=\count271
\c@Gm@tempcnt=\count272
\Gm@bindingoffset=\dimen142
\Gm@wd@mp=\dimen143
\Gm@odd@mp=\dimen144
\Gm@even@mp=\dimen145
\Gm@layoutwidth=\dimen146
\Gm@layoutheight=\dimen147
\Gm@layouthoffset=\dimen148
\Gm@layoutvoffset=\dimen149
\Gm@dimlist=\toks18
)
(/usr/local/texlive/2025/texmf-dist/tex/latex/amsmath/amsmath.sty
Package: amsmath 2024/11/05 v2.17t AMS math features
\@mathmargin=\skip51

For additional information on amsmath, use the `?' option.
(/usr/local/texlive/2025/texmf-dist/tex/latex/amsmath/amstext.sty
Package: amstext 2021/08/26 v2.01 AMS text

(/usr/local/texlive/2025/texmf-dist/tex/latex/amsmath/amsgen.sty
File: amsgen.sty 1999/11/30 v2.0 generic functions
\@emptytoks=\toks19
\ex@=\dimen150
))
(/usr/local/texlive/2025/texmf-dist/tex/latex/amsmath/amsbsy.sty
Package: amsbsy 1999/11/29 v1.2d Bold Symbols
\pmbraise@=\dimen151
)
(/usr/local/texlive/2025/texmf-dist/tex/latex/amsmath/amsopn.sty
Package: amsopn 2022/04/08 v2.04 operator names
)
\inf@bad=\count273
LaTeX Info: Redefining \frac on input line 233.
\uproot@=\count274
\leftroot@=\count275
LaTeX Info: Redefining \overline on input line 398.
LaTeX Info: Redefining \colon on input line 409.
\classnum@=\count276
\DOTSCASE@=\count277
LaTeX Info: Redefining \ldots on input line 495.
LaTeX Info: Redefining \dots on input line 498.
LaTeX Info: Redefining \cdots on input line 619.
\Mathstrutbox@=\box52
\strutbox@=\box53
LaTeX Info: Redefining \big on input line 721.
LaTeX Info: Redefining \Big on input line 722.
LaTeX Info: Redefining \bigg on input line 723.
LaTeX Info: Redefining \Bigg on input line 724.
\big@size=\dimen152
LaTeX Font Info:    Redeclaring font encoding OML on input line 742.
LaTeX Font Info:    Redeclaring font encoding OMS on input line 743.
\macc@depth=\count278
LaTeX Info: Redefining \bmod on input line 904.
LaTeX Info: Redefining \pmod on input line 909.
LaTeX Info: Redefining \smash on input line 939.
LaTeX Info: Redefining \relbar on input line 969.
LaTeX Info: Redefining \Relbar on input line 970.
\c@MaxMatrixCols=\count279
\dotsspace@=\muskip17
\c@parentequation=\count280
\dspbrk@lvl=\count281
\tag@help=\toks20
\row@=\count282
\column@=\count283
\maxfields@=\count284
\andhelp@=\toks21
\eqnshift@=\dimen153
\alignsep@=\dimen154
\tagshift@=\dimen155
\tagwidth@=\dimen156
\totwidth@=\dimen157
\lineht@=\dimen158
\@envbody=\toks22
\multlinegap=\skip52
\multlinetaggap=\skip53
\mathdisplay@stack=\toks23
LaTeX Info: Redefining \[ on input line 2953.
LaTeX Info: Redefining \] on input line 2954.
)
(/usr/local/texlive/2025/texmf-dist/tex/latex/amsfonts/amssymb.sty
Package: amssymb 2013/01/14 v3.01 AMS font symbols

(/usr/local/texlive/2025/texmf-dist/tex/latex/amsfonts/amsfonts.sty
Package: amsfonts 2013/01/14 v3.01 Basic AMSFonts support
\symAMSa=\mathgroup4
\symAMSb=\mathgroup5
LaTeX Font Info:    Redeclaring math symbol \hbar on input line 98.
LaTeX Font Info:    Overwriting math alphabet `\mathfrak' in version `bold'
(Font)                  U/euf/m/n --> U/euf/b/n on input line 106.
))
(/usr/local/texlive/2025/texmf-dist/tex/latex/amscls/amsthm.sty
Package: amsthm 2020/05/29 v2.20.6
\thm@style=\toks24
\thm@bodyfont=\toks25
\thm@headfont=\toks26
\thm@notefont=\toks27
\thm@headpunct=\toks28
\thm@preskip=\skip54
\thm@postskip=\skip55
\thm@headsep=\skip56
\dth@everypar=\toks29
)
(/usr/local/texlive/2025/texmf-dist/tex/latex/mathtools/mathtools.sty
Package: mathtools 2024/10/04 v1.31 mathematical typesetting tools

(/usr/local/texlive/2025/texmf-dist/tex/latex/tools/calc.sty
Package: calc 2023/07/08 v4.3 Infix arithmetic (KKT,FJ)
\calc@Acount=\count285
\calc@Bcount=\count286
\calc@Adimen=\dimen159
\calc@Bdimen=\dimen160
\calc@Askip=\skip57
\calc@Bskip=\skip58
LaTeX Info: Redefining \setlength on input line 80.
LaTeX Info: Redefining \addtolength on input line 81.
\calc@Ccount=\count287
\calc@Cskip=\skip59
)
(/usr/local/texlive/2025/texmf-dist/tex/latex/mathtools/mhsetup.sty
Package: mhsetup 2021/03/18 v1.4 programming setup (MH)
)
\g_MT_multlinerow_int=\count288
\l_MT_multwidth_dim=\dimen161
\origjot=\skip60
\l_MT_shortvdotswithinadjustabove_dim=\dimen162
\l_MT_shortvdotswithinadjustbelow_dim=\dimen163
\l_MT_above_intertext_sep=\dimen164
\l_MT_below_intertext_sep=\dimen165
\l_MT_above_shortintertext_sep=\dimen166
\l_MT_below_shortintertext_sep=\dimen167
\xmathstrut@box=\box54
\xmathstrut@dim=\dimen168
)
(/usr/local/texlive/2025/texmf-dist/tex/latex/tools/bm.sty
Package: bm 2023/12/19 v1.2f Bold Symbol Support (DPC/FMi)
\symboldoperators=\mathgroup6
\symboldletters=\mathgroup7
\symboldsymbols=\mathgroup8
Package bm Info: No bold for \OMX/cmex/m/n, using \pmb.
Package bm Info: No bold for \U/msa/m/n, using \pmb.
Package bm Info: No bold for \U/msb/m/n, using \pmb.
LaTeX Font Info:    Redeclaring math alphabet \mathbf on input line 149.
)
(/usr/local/texlive/2025/texmf-dist/tex/latex/jknapltx/mathrsfs.sty
Package: mathrsfs 1996/01/01 Math RSFS package v1.0 (jk)
\symrsfs=\mathgroup9
)
(/usr/local/texlive/2025/texmf-dist/tex/latex/xcolor/xcolor.sty
Package: xcolor 2024/09/29 v3.02 LaTeX color extensions (UK)

(/usr/local/texlive/2025/texmf-dist/tex/latex/graphics-cfg/color.cfg
File: color.cfg 2016/01/02 v1.6 sample color configuration
)
Package xcolor Info: Driver file: pdftex.def on input line 274.

(/usr/local/texlive/2025/texmf-dist/tex/latex/graphics-def/pdftex.def
File: pdftex.def 2024/04/13 v1.2c Graphics/color driver for pdftex
)
(/usr/local/texlive/2025/texmf-dist/tex/latex/graphics/mathcolor.ltx)
Package xcolor Info: Model `cmy' substituted by `cmy0' on input line 1349.
Package xcolor Info: Model `hsb' substituted by `rgb' on input line 1353.
Package xcolor Info: Model `RGB' extended on input line 1365.
Package xcolor Info: Model `HTML' substituted by `rgb' on input line 1367.
Package xcolor Info: Model `Hsb' substituted by `hsb' on input line 1368.
Package xcolor Info: Model `tHsb' substituted by `hsb' on input line 1369.
Package xcolor Info: Model `HSB' substituted by `hsb' on input line 1370.
Package xcolor Info: Model `Gray' substituted by `gray' on input line 1371.
Package xcolor Info: Model `wave' substituted by `hsb' on input line 1372.
)
(/usr/local/texlive/2025/texmf-dist/tex/latex/hyperref/hyperref.sty
Package: hyperref 2024-11-05 v7.01l Hypertext links for LaTeX

(/usr/local/texlive/2025/texmf-dist/tex/latex/kvsetkeys/kvsetkeys.sty
Package: kvsetkeys 2022-10-05 v1.19 Key value parser (HO)
)
(/usr/local/texlive/2025/texmf-dist/tex/generic/kvdefinekeys/kvdefinekeys.sty
Package: kvdefinekeys 2019-12-19 v1.6 Define keys (HO)
)
(/usr/local/texlive/2025/texmf-dist/tex/generic/pdfescape/pdfescape.sty
Package: pdfescape 2019/12/09 v1.15 Implements pdfTeX's escape features (HO)

(/usr/local/texlive/2025/texmf-dist/tex/generic/ltxcmds/ltxcmds.sty
Package: ltxcmds 2023-12-04 v1.26 LaTeX kernel commands for general use (HO)
)
(/usr/local/texlive/2025/texmf-dist/tex/generic/pdftexcmds/pdftexcmds.sty
Package: pdftexcmds 2020-06-27 v0.33 Utility functions of pdfTeX for LuaTeX (HO
)

(/usr/local/texlive/2025/texmf-dist/tex/generic/infwarerr/infwarerr.sty
Package: infwarerr 2019/12/03 v1.5 Providing info/warning/error messages (HO)
)
Package pdftexcmds Info: \pdf@primitive is available.
Package pdftexcmds Info: \pdf@ifprimitive is available.
Package pdftexcmds Info: \pdfdraftmode found.
))
(/usr/local/texlive/2025/texmf-dist/tex/latex/hycolor/hycolor.sty
Package: hycolor 2020-01-27 v1.10 Color options for hyperref/bookmark (HO)
)
(/usr/local/texlive/2025/texmf-dist/tex/latex/hyperref/nameref.sty
Package: nameref 2023-11-26 v2.56 Cross-referencing by name of section

(/usr/local/texlive/2025/texmf-dist/tex/latex/refcount/refcount.sty
Package: refcount 2019/12/15 v3.6 Data extraction from label references (HO)
)
(/usr/local/texlive/2025/texmf-dist/tex/generic/gettitlestring/gettitlestring.s
ty
Package: gettitlestring 2019/12/15 v1.6 Cleanup title references (HO)
 (/usr/local/texlive/2025/texmf-dist/tex/latex/kvoptions/kvoptions.sty
Package: kvoptions 2022-06-15 v3.15 Key value format for package options (HO)
))
\c@section@level=\count289
)
(/usr/local/texlive/2025/texmf-dist/tex/latex/etoolbox/etoolbox.sty
Package: etoolbox 2025/02/11 v2.5l e-TeX tools for LaTeX (JAW)
\etb@tempcnta=\count290
)
(/usr/local/texlive/2025/texmf-dist/tex/generic/stringenc/stringenc.sty
Package: stringenc 2019/11/29 v1.12 Convert strings between diff. encodings (HO
)
)
\@linkdim=\dimen169
\Hy@linkcounter=\count291
\Hy@pagecounter=\count292

(/usr/local/texlive/2025/texmf-dist/tex/latex/hyperref/pd1enc.def
File: pd1enc.def 2024-11-05 v7.01l Hyperref: PDFDocEncoding definition (HO)
Now handling font encoding PD1 ...
... no UTF-8 mapping file for font encoding PD1
)
(/usr/local/texlive/2025/texmf-dist/tex/generic/intcalc/intcalc.sty
Package: intcalc 2019/12/15 v1.3 Expandable calculations with integers (HO)
)
\Hy@SavedSpaceFactor=\count293

(/usr/local/texlive/2025/texmf-dist/tex/latex/hyperref/puenc.def
File: puenc.def 2024-11-05 v7.01l Hyperref: PDF Unicode definition (HO)
Now handling font encoding PU ...
... no UTF-8 mapping file for font encoding PU
)
Package hyperref Info: Option `colorlinks' set `true' on input line 4040.
Package hyperref Info: Hyper figures OFF on input line 4157.
Package hyperref Info: Link nesting OFF on input line 4162.
Package hyperref Info: Hyper index ON on input line 4165.
Package hyperref Info: Plain pages OFF on input line 4172.
Package hyperref Info: Backreferencing OFF on input line 4177.
Package hyperref Info: Implicit mode ON; LaTeX internals redefined.
Package hyperref Info: Bookmarks ON on input line 4424.
\c@Hy@tempcnt=\count294

(/usr/local/texlive/2025/texmf-dist/tex/latex/url/url.sty
\Urlmuskip=\muskip18
Package: url 2013/09/16  ver 3.4  Verb mode for urls, etc.
)
LaTeX Info: Redefining \url on input line 4763.
\XeTeXLinkMargin=\dimen170

(/usr/local/texlive/2025/texmf-dist/tex/generic/bitset/bitset.sty
Package: bitset 2019/12/09 v1.3 Handle bit-vector datatype (HO)

(/usr/local/texlive/2025/texmf-dist/tex/generic/bigintcalc/bigintcalc.sty
Package: bigintcalc 2019/12/15 v1.5 Expandable calculations on big integers (HO
)
))
\Fld@menulength=\count295
\Field@Width=\dimen171
\Fld@charsize=\dimen172
Package hyperref Info: Hyper figures OFF on input line 6042.
Package hyperref Info: Link nesting OFF on input line 6047.
Package hyperref Info: Hyper index ON on input line 6050.
Package hyperref Info: backreferencing OFF on input line 6057.
Package hyperref Info: Link coloring ON on input line 6060.
Package hyperref Info: Link coloring with OCG OFF on input line 6067.
Package hyperref Info: PDF/A mode OFF on input line 6072.

(/usr/local/texlive/2025/texmf-dist/tex/latex/base/atbegshi-ltx.sty
Package: atbegshi-ltx 2021/01/10 v1.0c Emulation of the original atbegshi
package with kernel methods
)
\Hy@abspage=\count296
\c@Item=\count297
\c@Hfootnote=\count298
)
Package hyperref Info: Driver (autodetected): hpdftex.

(/usr/local/texlive/2025/texmf-dist/tex/latex/hyperref/hpdftex.def
File: hpdftex.def 2024-11-05 v7.01l Hyperref driver for pdfTeX

(/usr/local/texlive/2025/texmf-dist/tex/latex/base/atveryend-ltx.sty
Package: atveryend-ltx 2020/08/19 v1.0a Emulation of the original atveryend pac
kage
with kernel methods
)
\Fld@listcount=\count299
\c@bookmark@seq@number=\count300

(/usr/local/texlive/2025/texmf-dist/tex/latex/rerunfilecheck/rerunfilecheck.sty
Package: rerunfilecheck 2022-07-10 v1.10 Rerun checks for auxiliary files (HO)

(/usr/local/texlive/2025/texmf-dist/tex/generic/uniquecounter/uniquecounter.sty
Package: uniquecounter 2019/12/15 v1.4 Provide unlimited unique counter (HO)
)
Package uniquecounter Info: New unique counter `rerunfilecheck' on input line 2
85.
)
\Hy@SectionHShift=\skip61
) (/usr/local/texlive/2025/texmf-dist/tex/latex/cases/cases.sty
Package: cases 2020/03/29 ver 3.2
\numc@numwid=\dimen173
)
(/usr/local/texlive/2025/texmf-dist/tex/latex/mathtools/empheq.sty
Package: empheq 2024/08/09 v2.17 Emphasizing equations
\l_EQ_equationtype_int=\count301
\l_EQ_alignmentmode_int=\count302
\l_EQ_totalwidth_dim=\dimen174
\l_EQ_displaywidth_dim=\dimen175
\l_EQ_temp_linewidth_dim=\dimen176
\l_EQ_linewidth_dim=\dimen177
\EmphEqdelimitershortfall=\dimen178
\EmphEqdelimiterfactor=\count303
\g_EQ_toptag_height_dim=\dimen179
\g_EQ_bottomtag_depth_dim=\dimen180
\g_EQ_toprow_height_dim=\dimen181
\g_EQ_bottomrow_depth_dim=\dimen182
\g_EQ_widesttag_dim=\dimen183
\EQ_mathdisplay_box=\box55
\EQ_tag_box=\box56
\g_EQ_temprow_int=\count304
)
(/usr/local/texlive/2025/texmf-dist/tex/latex/graphics/graphicx.sty
Package: graphicx 2021/09/16 v1.2d Enhanced LaTeX Graphics (DPC,SPQR)

(/usr/local/texlive/2025/texmf-dist/tex/latex/graphics/graphics.sty
Package: graphics 2024/08/06 v1.4g Standard LaTeX Graphics (DPC,SPQR)

(/usr/local/texlive/2025/texmf-dist/tex/latex/graphics/trig.sty
Package: trig 2023/12/02 v1.11 sin cos tan (DPC)
)
(/usr/local/texlive/2025/texmf-dist/tex/latex/graphics-cfg/graphics.cfg
File: graphics.cfg 2016/06/04 v1.11 sample graphics configuration
)
Package graphics Info: Driver file: pdftex.def on input line 106.
)
\Gin@req@height=\dimen184
\Gin@req@width=\dimen185
)
(/usr/local/texlive/2025/texmf-dist/tex/latex/epstopdf-pkg/epstopdf.sty
Package: epstopdf 2020-01-24 v2.11 Conversion with epstopdf on the fly (HO)

(/usr/local/texlive/2025/texmf-dist/tex/latex/grfext/grfext.sty
Package: grfext 2019/12/03 v1.3 Manage graphics extensions (HO)
)
(/usr/local/texlive/2025/texmf-dist/tex/latex/epstopdf-pkg/epstopdf-base.sty
Package: epstopdf-base 2020-01-24 v2.11 Base part for package epstopdf
Package epstopdf-base Info: Redefining graphics rule for `.eps' on input line 4
85.
Package grfext Info: Graphics extension search list:
(grfext)             [.pdf,.png,.jpg,.mps,.jpeg,.jbig2,.jb2,.PDF,.PNG,.JPG,.JPE
G,.JBIG2,.JB2,.eps]
(grfext)             \AppendGraphicsExtensions on input line 504.

(/usr/local/texlive/2025/texmf-dist/tex/latex/latexconfig/epstopdf-sys.cfg
File: epstopdf-sys.cfg 2010/07/13 v1.3 Configuration of (r)epstopdf for TeX Liv
e
)))
(/usr/local/texlive/2025/texmf-dist/tex/latex/multirow/multirow.sty
Package: multirow 2024/11/12 v2.9 Span multiple rows of a table
\multirow@colwidth=\skip62
\multirow@cntb=\count305
\multirow@dima=\skip63
\bigstrutjot=\dimen186
)
(/usr/local/texlive/2025/texmf-dist/tex/latex/booktabs/booktabs.sty
Package: booktabs 2020/01/12 v1.61803398 Publication quality tables
\heavyrulewidth=\dimen187
\lightrulewidth=\dimen188
\cmidrulewidth=\dimen189
\belowrulesep=\dimen190
\belowbottomsep=\dimen191
\aboverulesep=\dimen192
\abovetopsep=\dimen193
\cmidrulesep=\dimen194
\cmidrulekern=\dimen195
\defaultaddspace=\dimen196
\@cmidla=\count306
\@cmidlb=\count307
\@aboverulesep=\dimen197
\@belowrulesep=\dimen198
\@thisruleclass=\count308
\@lastruleclass=\count309
\@thisrulewidth=\dimen199
)
\c@example=\count310
\c@proposition=\count311
\c@theorem=\count312
\c@corollary=\count313
\c@remark=\count314
\c@property=\count315

(/usr/local/texlive/2025/texmf-dist/tex/latex/l3backend/l3backend-pdftex.def
File: l3backend-pdftex.def 2024-05-08 L3 backend support: PDF output (pdfTeX)
\l__color_backend_stack_int=\count316
\l__pdf_internal_box=\box57
)
(./tumor-growth.aux)
\openout1 = `tumor-growth.aux'.

LaTeX Font Info:    Checking defaults for OML/cmm/m/it on input line 46.
LaTeX Font Info:    ... okay on input line 46.
LaTeX Font Info:    Checking defaults for OMS/cmsy/m/n on input line 46.
LaTeX Font Info:    ... okay on input line 46.
LaTeX Font Info:    Checking defaults for OT1/cmr/m/n on input line 46.
LaTeX Font Info:    ... okay on input line 46.
LaTeX Font Info:    Checking defaults for T1/cmr/m/n on input line 46.
LaTeX Font Info:    ... okay on input line 46.
LaTeX Font Info:    Checking defaults for TS1/cmr/m/n on input line 46.
LaTeX Font Info:    ... okay on input line 46.
LaTeX Font Info:    Checking defaults for OMX/cmex/m/n on input line 46.
LaTeX Font Info:    ... okay on input line 46.
LaTeX Font Info:    Checking defaults for U/cmr/m/n on input line 46.
LaTeX Font Info:    ... okay on input line 46.
LaTeX Font Info:    Checking defaults for PD1/pdf/m/n on input line 46.
LaTeX Font Info:    ... okay on input line 46.
LaTeX Font Info:    Checking defaults for PU/pdf/m/n on input line 46.
LaTeX Font Info:    ... okay on input line 46.

*geometry* driver: auto-detecting
*geometry* detected driver: pdftex
*geometry* verbose mode - [ preamble ] result:
* driver: pdftex
* paper: a4paper
* layout: <same size as paper>
* layoutoffset:(h,v)=(0.0pt,0.0pt)
* modes: 
* h-part:(L,W,R)=(72.26999pt, 452.9679pt, 72.26999pt)
* v-part:(T,H,B)=(72.26999pt, 700.50687pt, 72.26999pt)
* \paperwidth=597.50787pt
* \paperheight=845.04684pt
* \textwidth=452.9679pt
* \textheight=700.50687pt
* \oddsidemargin=0.0pt
* \evensidemargin=0.0pt
* \topmargin=-37.0pt
* \headheight=12.0pt
* \headsep=25.0pt
* \topskip=11.0pt
* \footskip=30.0pt
* \marginparwidth=59.0pt
* \marginparsep=10.0pt
* \columnsep=10.0pt
* \skip\footins=10.0pt plus 4.0pt minus 2.0pt
* \hoffset=0.0pt
* \voffset=0.0pt
* \mag=1000
* \@twocolumnfalse
* \@twosidefalse
* \@mparswitchfalse
* \@reversemarginfalse
* (1in=72.27pt=25.4mm, 1cm=28.453pt)

(/usr/local/texlive/2025/texmf-dist/tex/context/base/mkii/supp-pdf.mkii
[Loading MPS to PDF converter (version 2006.09.02).]
\scratchcounter=\count317
\scratchdimen=\dimen256
\scratchbox=\box58
\nofMPsegments=\count318
\nofMParguments=\count319
\everyMPshowfont=\toks30
\MPscratchCnt=\count320
\MPscratchDim=\dimen257
\MPnumerator=\count321
\makeMPintoPDFobject=\count322
\everyMPtoPDFconversion=\toks31
)
Package hyperref Info: Link coloring ON on input line 46.
 (./tumor-growth.out) (./tumor-growth.out)
\@outlinefile=\write3
\openout3 = `tumor-growth.out'.

LaTeX Font Info:    Trying to load font information for U+msa on input line 57.


(/usr/local/texlive/2025/texmf-dist/tex/latex/amsfonts/umsa.fd
File: umsa.fd 2013/01/14 v3.01 AMS symbols A
)
LaTeX Font Info:    Trying to load font information for U+msb on input line 57.


(/usr/local/texlive/2025/texmf-dist/tex/latex/amsfonts/umsb.fd
File: umsb.fd 2013/01/14 v3.01 AMS symbols B
)
LaTeX Font Info:    Trying to load font information for U+rsfs on input line 57
.

(/usr/local/texlive/2025/texmf-dist/tex/latex/jknapltx/ursfs.fd
File: ursfs.fd 1998/03/24 rsfs font definition file (jk)
)
Overfull \hbox (14.12944pt too wide) in paragraph at lines 63--64
[]\OT1/cmr/bx/n/10.95 Key words. \OT1/cmr/m/n/10.95 Pressure-driven tu-mor grow
th, On-sager vari-a-tional prin-ci-ple, structure-preserving
 []



[1

{/usr/local/texlive/2025/texmf-var/fonts/map/pdftex/updmap/pdftex.map}{/usr/loc
al/texlive/2025/texmf-dist/fonts/enc/dvips/cm-super/cm-super-ts1.enc}]

[2]

Package hyperref Warning: Token not allowed in a PDF string (Unicode):
(hyperref)                removing `\hbox' on input line 241.


Package hyperref Warning: Token not allowed in a PDF string (Unicode):
(hyperref)                removing `\mathsurround' on input line 241.


Package hyperref Warning: Token not allowed in a PDF string (Unicode):
(hyperref)                removing `\z@' on input line 241.


Package hyperref Warning: Token not allowed in a PDF string (Unicode):
(hyperref)                removing `\unskip' on input line 241.


Package hyperref Warning: Token not allowed in a PDF string (Unicode):
(hyperref)                removing `\@@italiccorr' on input line 241.



[3]

[4]

[5]

[6]

[7]
Overfull \hbox (43.23254pt too wide) in paragraph at lines 710--713
[][]\OT1/cmr/bx/n/10.95 Proposition 3.1 \OT1/cmr/m/n/10.95 (Pos-i-tiv-ity and h
ome-o-static up-per bound)\OT1/cmr/bx/n/10.95 . []\OT1/cmr/m/it/10.95 As-sume t
hat $\OML/cmm/m/it/10.95 n[] \OMS/cmsy/m/n/10.95 ^^U \OT1/cmr/m/n/10.95 0$\OT1/
cmr/m/it/10.95 . Let $\OT1/cmr/m/n/10.95 (\OML/cmm/m/it/10.95 n[]; m[]; q[]\OT1
/cmr/m/n/10.95 )$
 []



[8]

[9]

[10]

[11]
Overfull \hbox (12.31732pt too wide) in paragraph at lines 1185--1189
\OT1/cmr/m/it/10.95 where $\OML/cmm/m/it/10.95 F[]$ \OT1/cmr/m/it/10.95 and $\O
MS/cmsy/m/n/10.95 M[]$ \OT1/cmr/m/it/10.95 are de-fined by the same for-mu-las 
as [] and [], with $\OT1/cmr/m/n/10.95 (\OML/cmm/m/it/10.95 n[]; p[]; n[]; p[]\
OT1/cmr/m/n/10.95 )$
 []



[12]

[13]

[14]
Package epstopdf Info: Source file: <barenblatt_profile.eps>
(epstopdf)                    date: 2026-07-01 13:45:47
(epstopdf)                    size: 272771 bytes
(epstopdf)             Output file: <barenblatt_profile-eps-converted-to.pdf>
(epstopdf)                    date: 2026-07-01 13:45:50
(epstopdf)                    size: 309263 bytes
(epstopdf)             Command: <repstopdf --outfile=barenblatt_profile-eps-con
verted-to.pdf barenblatt_profile.eps>
(epstopdf)             \includegraphics on input line 1573.
Package epstopdf Info: Output file is already uptodate.
<barenblatt_profile-eps-converted-to.pdf, id=379, 1104.125pt x 421.575pt>
File: barenblatt_profile-eps-converted-to.pdf Graphic file (type pdf)
<use barenblatt_profile-eps-converted-to.pdf>
Package pdftex.def Info: barenblatt_profile-eps-converted-to.pdf  used on input
 line 1573.
(pdftex.def)             Requested size: 407.66833pt x 155.65866pt.


[15 <./barenblatt_profile-eps-converted-to.pdf>]
Package epstopdf Info: Source file: <barenblatt_sp.eps>
(epstopdf)                    date: 2026-07-01 15:16:15
(epstopdf)                    size: 501617 bytes
(epstopdf)             Output file: <barenblatt_sp-eps-converted-to.pdf>
(epstopdf)                    date: 2026-07-01 15:16:17
(epstopdf)                    size: 148382 bytes
(epstopdf)             Command: <repstopdf --outfile=barenblatt_sp-eps-converte
d-to.pdf barenblatt_sp.eps>
(epstopdf)             \includegraphics on input line 1601.
Package epstopdf Info: Output file is already uptodate.
<barenblatt_sp-eps-converted-to.pdf, id=393, 1104.125pt x 421.575pt>
File: barenblatt_sp-eps-converted-to.pdf Graphic file (type pdf)
<use barenblatt_sp-eps-converted-to.pdf>
Package pdftex.def Info: barenblatt_sp-eps-converted-to.pdf  used on input line
 1601.
(pdftex.def)             Requested size: 421.25682pt x 160.84343pt.
Package epstopdf Info: Source file: <space_error.eps>
(epstopdf)                    date: 2026-07-01 13:54:04
(epstopdf)                    size: 93294 bytes
(epstopdf)             Output file: <space_error-eps-converted-to.pdf>
(epstopdf)                    date: 2026-07-01 13:54:07
(epstopdf)                    size: 50324 bytes
(epstopdf)             Command: <repstopdf --outfile=space_error-eps-converted-
to.pdf space_error.eps>
(epstopdf)             \includegraphics on input line 1649.
Package epstopdf Info: Output file is already uptodate.
<space_error-eps-converted-to.pdf, id=396, 722.7pt x 562.1pt>
File: space_error-eps-converted-to.pdf Graphic file (type pdf)
<use space_error-eps-converted-to.pdf>
Package pdftex.def Info: space_error-eps-converted-to.pdf  used on input line 1
649.
(pdftex.def)             Requested size: 212.89546pt x 165.58649pt.
Package epstopdf Info: Source file: <time_error.eps>
(epstopdf)                    date: 2026-07-01 14:20:01
(epstopdf)                    size: 96832 bytes
(epstopdf)             Output file: <time_error-eps-converted-to.pdf>
(epstopdf)                    date: 2026-07-01 14:23:39
(epstopdf)                    size: 51663 bytes
(epstopdf)             Command: <repstopdf --outfile=time_error-eps-converted-t
o.pdf time_error.eps>
(epstopdf)             \includegraphics on input line 1650.
Package epstopdf Info: Output file is already uptodate.
<time_error-eps-converted-to.pdf, id=397, 722.7pt x 562.1pt>
File: time_error-eps-converted-to.pdf Graphic file (type pdf)
<use time_error-eps-converted-to.pdf>
Package pdftex.def Info: time_error-eps-converted-to.pdf  used on input line 16
50.
(pdftex.def)             Requested size: 212.89546pt x 165.58649pt.

Overfull \hbox (12.68869pt too wide) in paragraph at lines 1659--1663
 []\OT1/cmr/bx/n/10.95 Structure preser-va-tion for the growth model.[] \OT1/cm
r/m/n/10.95 We next check the dis-crete energy-dissipation
 []



[16 <./barenblatt_sp-eps-converted-to.pdf>]
Package epstopdf Info: Source file: <general_sp.eps>
(epstopdf)                    date: 2026-07-01 16:12:56
(epstopdf)                    size: 127219 bytes
(epstopdf)             Output file: <general_sp-eps-converted-to.pdf>
(epstopdf)                    date: 2026-07-01 16:13:01
(epstopdf)                    size: 59959 bytes
(epstopdf)             Command: <repstopdf --outfile=general_sp-eps-converted-t
o.pdf general_sp.eps>
(epstopdf)             \includegraphics on input line 1680.
Package epstopdf Info: Output file is already uptodate.
<general_sp-eps-converted-to.pdf, id=409, 1104.125pt x 421.575pt>
File: general_sp-eps-converted-to.pdf Graphic file (type pdf)
<use general_sp-eps-converted-to.pdf>
Package pdftex.def Info: general_sp-eps-converted-to.pdf  used on input line 16
80.
(pdftex.def)             Requested size: 430.31812pt x 164.30423pt.


[17 <./space_error-eps-converted-to.pdf> <./time_error-eps-converted-to.pdf> <.
/general_sp-eps-converted-to.pdf>]
Package epstopdf Info: Source file: <HS_limit_profile.eps>
(epstopdf)                    date: 2026-07-01 13:42:49
(epstopdf)                    size: 872722 bytes
(epstopdf)             Output file: <HS_limit_profile-eps-converted-to.pdf>
(epstopdf)                    date: 2026-07-01 13:42:52
(epstopdf)                    size: 211830 bytes
(epstopdf)             Command: <repstopdf --outfile=HS_limit_profile-eps-conve
rted-to.pdf HS_limit_profile.eps>
(epstopdf)             \includegraphics on input line 1860.
Package epstopdf Info: Output file is already uptodate.
<HS_limit_profile-eps-converted-to.pdf, id=426, 1104.125pt x 421.575pt>
File: HS_limit_profile-eps-converted-to.pdf Graphic file (type pdf)
<use HS_limit_profile-eps-converted-to.pdf>
Package pdftex.def Info: HS_limit_profile-eps-converted-to.pdf  used on input l
ine 1860.
(pdftex.def)             Requested size: 407.66833pt x 155.65866pt.


[18 <./HS_limit_profile-eps-converted-to.pdf>]
Package epstopdf Info: Source file: <example_2d_1.eps>
(epstopdf)                    date: 2026-07-01 15:07:01
(epstopdf)                    size: 257740 bytes
(epstopdf)             Output file: <example_2d_1-eps-converted-to.pdf>
(epstopdf)                    date: 2026-07-01 15:07:14
(epstopdf)                    size: 189199 bytes
(epstopdf)             Command: <repstopdf --outfile=example_2d_1-eps-converted
-to.pdf example_2d_1.eps>
(epstopdf)             \includegraphics on input line 2036.
Package epstopdf Info: Output file is already uptodate.
<example_2d_1-eps-converted-to.pdf, id=441, 1204.5pt x 702.625pt>
File: example_2d_1-eps-converted-to.pdf Graphic file (type pdf)
<use example_2d_1-eps-converted-to.pdf>
Package pdftex.def Info: example_2d_1-eps-converted-to.pdf  used on input line 
2036.
(pdftex.def)             Requested size: 439.37941pt x 256.30054pt.


[19]
Package epstopdf Info: Source file: <example_2d_2.eps>
(epstopdf)                    date: 2026-07-01 15:08:19
(epstopdf)                    size: 235225 bytes
(epstopdf)             Output file: <example_2d_2-eps-converted-to.pdf>
(epstopdf)                    date: 2026-07-01 15:08:31
(epstopdf)                    size: 171667 bytes
(epstopdf)             Command: <repstopdf --outfile=example_2d_2-eps-converted
-to.pdf example_2d_2.eps>
(epstopdf)             \includegraphics on input line 2060.
Package epstopdf Info: Output file is already uptodate.
<example_2d_2-eps-converted-to.pdf, id=454, 1204.5pt x 702.625pt>
File: example_2d_2-eps-converted-to.pdf Graphic file (type pdf)
<use example_2d_2-eps-converted-to.pdf>
Package pdftex.def Info: example_2d_2-eps-converted-to.pdf  used on input line 
2060.
(pdftex.def)             Requested size: 439.37941pt x 256.30054pt.

Underfull \hbox (badness 10000) in paragraph at lines 2094--2097

 []



[20 <./example_2d_1-eps-converted-to.pdf>]
Underfull \hbox (badness 10000) in paragraph at lines 2098--2100

 []


Underfull \hbox (badness 10000) in paragraph at lines 2101--2103

 []



[21 <./example_2d_2-eps-converted-to.pdf>] (./tumor-growth.bbl

[22]

[23])

[24] (./tumor-growth.aux)
 ***********
LaTeX2e <2024-11-01> patch level 2
L3 programming layer <2025-01-18>
 ***********
Package rerunfilecheck Info: File `tumor-growth.out' has not changed.
(rerunfilecheck)             Checksum: 16EAE7522114DF4787828A439AEAA211;2870.
 ) 
Here is how much of TeX's memory you used:
 12477 strings out of 473190
 194937 string characters out of 5715800
 623686 words of memory out of 5000000
 35373 multiletter control sequences out of 15000+600000
 579756 words of font info for 115 fonts, out of 8000000 for 9000
 1141 hyphenation exceptions out of 8191
 75i,13n,79p,1439b,586s stack positions out of 10000i,1000n,20000p,200000b,200000s
</usr/local/texlive/2025/texmf-dist/fonts/type1/public/amsfonts/cm/cmbx10.pfb
></usr/local/texlive/2025/texmf-dist/fonts/type1/public/amsfonts/cm/cmbx12.pfb>
</usr/local/texlive/2025/texmf-dist/fonts/type1/public/amsfonts/cm/cmex10.pfb><
/usr/local/texlive/2025/texmf-dist/fonts/type1/public/amsfonts/cm/cmmi10.pfb></
usr/local/texlive/2025/texmf-dist/fonts/type1/public/amsfonts/cm/cmmi6.pfb></us
r/local/texlive/2025/texmf-dist/fonts/type1/public/amsfonts/cm/cmmi7.pfb></usr/
local/texlive/2025/texmf-dist/fonts/type1/public/amsfonts/cm/cmmi8.pfb></usr/lo
cal/texlive/2025/texmf-dist/fonts/type1/public/amsfonts/cm/cmr10.pfb></usr/loca
l/texlive/2025/texmf-dist/fonts/type1/public/amsfonts/cm/cmr12.pfb></usr/local/
texlive/2025/texmf-dist/fonts/type1/public/amsfonts/cm/cmr17.pfb></usr/local/te
xlive/2025/texmf-dist/fonts/type1/public/amsfonts/cm/cmr6.pfb></usr/local/texli
ve/2025/texmf-dist/fonts/type1/public/amsfonts/cm/cmr7.pfb></usr/local/texlive/
2025/texmf-dist/fonts/type1/public/amsfonts/cm/cmr8.pfb></usr/local/texlive/202
5/texmf-dist/fonts/type1/public/amsfonts/cm/cmr9.pfb></usr/local/texlive/2025/t
exmf-dist/fonts/type1/public/amsfonts/cm/cmsy10.pfb></usr/local/texlive/2025/te
xmf-dist/fonts/type1/public/amsfonts/cm/cmsy8.pfb></usr/local/texlive/2025/texm
f-dist/fonts/type1/public/amsfonts/cm/cmti10.pfb></usr/local/texlive/2025/texmf
-dist/fonts/type1/public/amsfonts/cm/cmtt9.pfb></usr/local/texlive/2025/texmf-d
ist/fonts/type1/public/amsfonts/symbols/msbm10.pfb></usr/local/texlive/2025/tex
mf-dist/fonts/type1/public/cm-super/sfrm0600.pfb></usr/local/texlive/2025/texmf
-dist/fonts/type1/public/cm-super/sfrm0800.pfb>
Output written on tumor-growth.pdf (24 pages, 1541357 bytes).
PDF statistics:
 618 PDF objects out of 1000 (max. 8388607)
 521 compressed objects within 6 object streams
 157 named destinations out of 1000 (max. 500000)
 145 words of extra memory for PDF output out of 10000 (max. 10000000)

